Using pre-set license
Built from '2021.3/staging' branch; Version is '2021.3.39f1 (fb3b7b32f191) revision 16464763'; Using compiler version '192829333'; Build Type 'Release'
OS: 'Windows 11  (10.0.26100) 64bit Professional' Language: 'en' Physical Memory: 32603 MB
BatchMode: 1, IsHumanControllingUs: 0, StartBugReporterOnCrash: 0, Is64bit: 1, IsPro: 1

COMMAND LINE ARGUMENTS:
C:\Program Files\Unity\Hub\Editor\2021.3.39f1\Editor\Unity.exe
-adb2
-batchMode
-noUpm
-name
AssetImportWorker3
-projectPath
C:/Users/mayar/Documents/GitHub/Blackwoods-Curse/BlackwoodsCurse
-logFile
Logs/AssetImportWorker3.log
-srvPort
61619
Successfully changed project path to: C:/Users/mayar/Documents/GitHub/Blackwoods-Curse/BlackwoodsCurse
C:/Users/mayar/Documents/GitHub/Blackwoods-Curse/BlackwoodsCurse
[UnityMemory] Configuration Parameters - Can be set up in boot.config
    "memorysetup-bucket-allocator-granularity=16"
    "memorysetup-bucket-allocator-bucket-count=8"
    "memorysetup-bucket-allocator-block-size=33554432"
    "memorysetup-bucket-allocator-block-count=8"
    "memorysetup-main-allocator-block-size=16777216"
    "memorysetup-thread-allocator-block-size=16777216"
    "memorysetup-gfx-main-allocator-block-size=16777216"
    "memorysetup-gfx-thread-allocator-block-size=16777216"
    "memorysetup-cache-allocator-block-size=4194304"
    "memorysetup-typetree-allocator-block-size=2097152"
    "memorysetup-profiler-bucket-allocator-granularity=16"
    "memorysetup-profiler-bucket-allocator-bucket-count=8"
    "memorysetup-profiler-bucket-allocator-block-size=33554432"
    "memorysetup-profiler-bucket-allocator-block-count=8"
    "memorysetup-profiler-allocator-block-size=16777216"
    "memorysetup-profiler-editor-allocator-block-size=1048576"
    "memorysetup-temp-allocator-size-main=16777216"
    "memorysetup-job-temp-allocator-block-size=2097152"
    "memorysetup-job-temp-allocator-block-size-background=1048576"
    "memorysetup-job-temp-allocator-reduction-small-platforms=262144"
    "memorysetup-temp-allocator-size-background-worker=32768"
    "memorysetup-temp-allocator-size-job-worker=262144"
    "memorysetup-temp-allocator-size-preload-manager=33554432"
    "memorysetup-temp-allocator-size-nav-mesh-worker=65536"
    "memorysetup-temp-allocator-size-audio-worker=65536"
    "memorysetup-temp-allocator-size-cloud-worker=32768"
    "memorysetup-temp-allocator-size-gi-baking-worker=262144"
    "memorysetup-temp-allocator-size-gfx=262144"
Player connection [15752] Host "[IP] 192.168.52.1 [Port] 0 [Flags] 2 [Guid] 3006158290 [EditorId] 3006158290 [Version] 1048832 [Id] WindowsEditor(7,MAYAR-DESKTOP) [Debug] 1 [PackageName] WindowsEditor [ProjectName] Editor" joined multi-casting on [225.0.0.222:54997]...

Player connection [15752] Host "[IP] 192.168.52.1 [Port] 0 [Flags] 2 [Guid] 3006158290 [EditorId] 3006158290 [Version] 1048832 [Id] WindowsEditor(7,MAYAR-DESKTOP) [Debug] 1 [PackageName] WindowsEditor [ProjectName] Editor" joined alternative multi-casting on [225.0.0.222:34997]...

[Physics::Module] Initialized MultithreadedJobDispatcher with {0} workers.
Refreshing native plugins compatible for Editor in 36.24 ms, found 3 plugins.
Preloading 0 native plugins for Editor in 0.00 ms.
Initialize engine version: 2021.3.39f1 (fb3b7b32f191)
[Subsystems] Discovering subsystems at path C:/Program Files/Unity/Hub/Editor/2021.3.39f1/Editor/Data/Resources/UnitySubsystems
[Subsystems] Discovering subsystems at path C:/Users/mayar/Documents/GitHub/Blackwoods-Curse/BlackwoodsCurse/Assets
GfxDevice: creating device client; threaded=0; jobified=0
Direct3D:
    Version:  Direct3D 11.0 [level 11.1]
    Renderer: NVIDIA GeForce RTX 3060 (ID=0x2504)
    Vendor:   NVIDIA
    VRAM:     12115 MB
    Driver:   32.0.15.6094
Initialize mono
Mono path[0] = 'C:/Program Files/Unity/Hub/Editor/2021.3.39f1/Editor/Data/Managed'
Mono path[1] = 'C:/Program Files/Unity/Hub/Editor/2021.3.39f1/Editor/Data/MonoBleedingEdge/lib/mono/unityjit-win32'
Mono config path = 'C:/Program Files/Unity/Hub/Editor/2021.3.39f1/Editor/Data/MonoBleedingEdge/etc'
Using monoOptions --debugger-agent=transport=dt_socket,embedding=1,server=y,suspend=n,address=127.0.0.1:56572
Begin MonoManager ReloadAssembly
Registering precompiled unity dll's ...
Register platform support module: C:/Program Files/Unity/Hub/Editor/2021.3.39f1/Editor/Data/PlaybackEngines/WindowsStandaloneSupport/UnityEditor.WindowsStandalone.Extensions.dll
Registered in 0.002533 seconds.
Native extension for WindowsStandalone target not found
Refreshing native plugins compatible for Editor in 36.17 ms, found 3 plugins.
Preloading 0 native plugins for Editor in 0.00 ms.
Mono: successfully reloaded assembly
- Completed reload, in  0.317 seconds
Domain Reload Profiling:
	ReloadAssembly (317ms)
		BeginReloadAssembly (50ms)
			ExecutionOrderSort (0ms)
			DisableScriptedObjects (0ms)
			BackupInstance (0ms)
			ReleaseScriptingObjects (0ms)
			CreateAndSetChildDomain (0ms)
		EndReloadAssembly (216ms)
			LoadAssemblies (49ms)
			RebuildTransferFunctionScriptingTraits (0ms)
			SetupTypeCache (52ms)
			ReleaseScriptCaches (0ms)
			RebuildScriptCaches (14ms)
			SetupLoadedEditorAssemblies (130ms)
				LogAssemblyErrors (0ms)
				InitializePlatformSupportModulesInManaged (4ms)
				SetLoadedEditorAssemblies (0ms)
				RefreshPlugins (36ms)
				BeforeProcessingInitializeOnLoad (1ms)
				ProcessInitializeOnLoadAttributes (65ms)
				ProcessInitializeOnLoadMethodAttributes (24ms)
				AfterProcessingInitializeOnLoad (0ms)
				EditorAssembliesLoaded (0ms)
			ExecutionOrderSort2 (0ms)
			AwakeInstancesAfterBackupRestoration (0ms)
Platform modules already initialized, skipping
Registering precompiled user dll's ...
Registered in 0.002426 seconds.
Begin MonoManager ReloadAssembly
Native extension for WindowsStandalone target not found
Refreshing native plugins compatible for Editor in 0.34 ms, found 3 plugins.
Preloading 0 native plugins for Editor in 0.00 ms.
Package Manager log level set to [2]
[Package Manager] Server::EnsureServerProcessIsRunning -- launch failed, reason: Unity was launched with the -noUpm command-line argument
[Package Manager] Cannot connect to Unity Package Manager local server
Mono: successfully reloaded assembly
- Completed reload, in  0.829 seconds
Domain Reload Profiling:
	ReloadAssembly (829ms)
		BeginReloadAssembly (66ms)
			ExecutionOrderSort (0ms)
			DisableScriptedObjects (3ms)
			BackupInstance (0ms)
			ReleaseScriptingObjects (0ms)
			CreateAndSetChildDomain (9ms)
		EndReloadAssembly (710ms)
			LoadAssemblies (51ms)
			RebuildTransferFunctionScriptingTraits (0ms)
			SetupTypeCache (131ms)
			ReleaseScriptCaches (0ms)
			RebuildScriptCaches (23ms)
			SetupLoadedEditorAssemblies (501ms)
				LogAssemblyErrors (0ms)
				InitializePlatformSupportModulesInManaged (3ms)
				SetLoadedEditorAssemblies (0ms)
				RefreshPlugins (0ms)
				BeforeProcessingInitializeOnLoad (35ms)
				ProcessInitializeOnLoadAttributes (448ms)
				ProcessInitializeOnLoadMethodAttributes (11ms)
				AfterProcessingInitializeOnLoad (3ms)
				EditorAssembliesLoaded (0ms)
			ExecutionOrderSort2 (0ms)
			AwakeInstancesAfterBackupRestoration (4ms)
Platform modules already initialized, skipping
========================================================================
Worker process is ready to serve import requests
Launched and connected shader compiler UnityShaderCompiler.exe after 0.02 seconds
Refreshing native plugins compatible for Editor in 0.37 ms, found 3 plugins.
Preloading 0 native plugins for Editor in 0.00 ms.
Unloading 3085 Unused Serialized files (Serialized files now loaded: 0)
Unloading 24 unused Assets / (46.4 KB). Loaded Objects now: 3548.
Memory consumption went from 108.6 MB to 108.6 MB.
Total: 1.553600 ms (FindLiveObjects: 0.126800 ms CreateObjectMapping: 0.036700 ms MarkObjects: 1.351200 ms  DeleteObjects: 0.038500 ms)

AssetImportParameters requested are different than current active one (requested -> active):
  custom:video-decoder-ogg-theora: a1e56fd34408186e4bbccfd4996cb3dc -> 
  custom:container-muxer-webm: aa71ff27fc2769a1b78a27578f13a17b -> 
  custom:container-demuxer-webm: 4f35f7cbe854078d1ac9338744f61a02 -> 
  custom:video-encoder-webm-vp8: eb34c28f22e8b96e1ab97ce403110664 -> 
  custom:video-codec-MediaFoundation-h265: 746d11721c4dcdbdad8f713fa42b33f4 -> 
  custom:CustomObjectIndexerAttribute: bc11b3a6c3213fcdd17b65e7da85e133 -> 
  custom:audio-encoder-webm-vorbis: bf7c407c2cedff20999df2af8eb42d56 -> 
  custom:framework-win-MediaFoundation: 216162199b28c13a410421893ffa2e32 -> 
  custom:SearchIndexIgnoredProperties: e643bd26f0fe6173181afceb89e7c659 -> 
  custom:container-demuxer-ogg: 62fdf1f143b41e24485cea50d1cbac27 -> 
  custom:video-decoder-webm-vp8: 9c59270c3fd7afecdb556c50c9e8de78 -> 
  custom:audio-decoder-ogg-vorbis: bf7c407c2cedff20999df2af8eb42d56 -> 
========================================================================
Received Import Request.
  Time since last request: 525689.391244 seconds.
  path: Assets/Horror_Mansion/Models/Decals/Blood_Decals_02.fbx
  artifactKey: Guid(06c33a815ced4a04c98bc602c923ffc0) Importer(815301076,1909f56bfc062723c751e8b465ee728b)
Number of updated assets reloaded before import = 0
Start importing Assets/Horror_Mansion/Models/Decals/Blood_Decals_02.fbx using Guid(06c33a815ced4a04c98bc602c923ffc0) Importer(815301076,1909f56bfc062723c751e8b465ee728b)  -> (artifact id: '8e0d3bfae8b1903a2d49e533d76e4adb') in 0.107181 seconds 
Number of asset objects unloaded after import = 11
========================================================================
Received Import Request.
  Time since last request: 0.000018 seconds.
  path: Assets/Horror_Mansion/Models/Decals/Cobweb_01.fbx
  artifactKey: Guid(960416f7d22b1a746b3262f027d19d9c) Importer(815301076,1909f56bfc062723c751e8b465ee728b)
Number of updated assets reloaded before import = 0
Start importing Assets/Horror_Mansion/Models/Decals/Cobweb_01.fbx using Guid(960416f7d22b1a746b3262f027d19d9c) Importer(815301076,1909f56bfc062723c751e8b465ee728b)  -> (artifact id: '5fda11edeae334e72154e7aa4ff6cf58') in 0.018271 seconds 
Number of asset objects unloaded after import = 10
========================================================================
Received Import Request.
  Time since last request: 0.000016 seconds.
  path: Assets/Horror_Mansion/Models/Decals/Cobweb_03.fbx
  artifactKey: Guid(3f370e0d410084147b2284b205fb669e) Importer(815301076,1909f56bfc062723c751e8b465ee728b)
Number of updated assets reloaded before import = 0
Start importing Assets/Horror_Mansion/Models/Decals/Cobweb_03.fbx using Guid(3f370e0d410084147b2284b205fb669e) Importer(815301076,1909f56bfc062723c751e8b465ee728b)  -> (artifact id: '53099b960ae4c681dfca4387005b06df') in 0.016784 seconds 
Number of asset objects unloaded after import = 10
========================================================================
Received Import Request.
  Time since last request: 0.000011 seconds.
  path: Assets/Horror_Mansion/Models/Decals/Decals_06.fbx
  artifactKey: Guid(92b74fcf97aee5e43bb584b77bad347e) Importer(815301076,1909f56bfc062723c751e8b465ee728b)
Number of updated assets reloaded before import = 0
Start importing Assets/Horror_Mansion/Models/Decals/Decals_06.fbx using Guid(92b74fcf97aee5e43bb584b77bad347e) Importer(815301076,1909f56bfc062723c751e8b465ee728b)  -> (artifact id: '59568a6ee596e2de83e4fcffc4e4f970') in 0.016905 seconds 
Number of asset objects unloaded after import = 10
========================================================================
Received Import Request.
  Time since last request: 0.000012 seconds.
  path: Assets/Horror_Mansion/Models/Decals/Decals_02.fbx
  artifactKey: Guid(5183fdb3ff183c84b8f3c3bdd8d878e1) Importer(815301076,1909f56bfc062723c751e8b465ee728b)
Number of updated assets reloaded before import = 0
Start importing Assets/Horror_Mansion/Models/Decals/Decals_02.fbx using Guid(5183fdb3ff183c84b8f3c3bdd8d878e1) Importer(815301076,1909f56bfc062723c751e8b465ee728b)  -> (artifact id: '8674530a8027c3b2d881281940e723aa') in 0.026801 seconds 
Number of asset objects unloaded after import = 11
========================================================================
Received Import Request.
  Time since last request: 0.000014 seconds.
  path: Assets/Horror_Mansion/Models/Decals/Decals_01.fbx
  artifactKey: Guid(bd3671bc36d6b364a86c779b5fa2e34a) Importer(815301076,1909f56bfc062723c751e8b465ee728b)
Number of updated assets reloaded before import = 0
Start importing Assets/Horror_Mansion/Models/Decals/Decals_01.fbx using Guid(bd3671bc36d6b364a86c779b5fa2e34a) Importer(815301076,1909f56bfc062723c751e8b465ee728b)  -> (artifact id: 'aa43e2a08674cfc1755303d8299928a5') in 0.017293 seconds 
Number of asset objects unloaded after import = 11
========================================================================
Received Import Request.
  Time since last request: 0.000019 seconds.
  path: Assets/Horror_Mansion/Models/Decals/Decals_09.fbx
  artifactKey: Guid(c44dcaa1a40857e41b91aa92ff18736b) Importer(815301076,1909f56bfc062723c751e8b465ee728b)
Number of updated assets reloaded before import = 0
Start importing Assets/Horror_Mansion/Models/Decals/Decals_09.fbx using Guid(c44dcaa1a40857e41b91aa92ff18736b) Importer(815301076,1909f56bfc062723c751e8b465ee728b)  -> (artifact id: '65928ff3f9972ac630a6a2f09c8f1596') in 0.017223 seconds 
Number of asset objects unloaded after import = 10
========================================================================
Received Import Request.
  Time since last request: 0.000013 seconds.
  path: Assets/Horror_Mansion/Models/Decals/Decals_16.fbx
  artifactKey: Guid(0b6b7622ee223fe4b908805e742161b3) Importer(815301076,1909f56bfc062723c751e8b465ee728b)
Number of updated assets reloaded before import = 0
Start importing Assets/Horror_Mansion/Models/Decals/Decals_16.fbx using Guid(0b6b7622ee223fe4b908805e742161b3) Importer(815301076,1909f56bfc062723c751e8b465ee728b)  -> (artifact id: '07273cfd1ccde754391e58d87a0e7c4b') in 0.017018 seconds 
Number of asset objects unloaded after import = 10
========================================================================
Received Import Request.
  Time since last request: 0.000012 seconds.
  path: Assets/Horror_Mansion/Models/Decals/Decals_08.fbx
  artifactKey: Guid(c45369daa1aaced4eb371c70545e7a19) Importer(815301076,1909f56bfc062723c751e8b465ee728b)
Number of updated assets reloaded before import = 0
Start importing Assets/Horror_Mansion/Models/Decals/Decals_08.fbx using Guid(c45369daa1aaced4eb371c70545e7a19) Importer(815301076,1909f56bfc062723c751e8b465ee728b)  -> (artifact id: '9c97fbd73e5267919b73c7a426b511fb') in 0.019661 seconds 
Number of asset objects unloaded after import = 10
========================================================================
Received Import Request.
  Time since last request: 0.000014 seconds.
  path: Assets/Horror_Mansion/Models/Decals/Blood_Decals_04.fbx
  artifactKey: Guid(1e693b2c786bd824c8d012777bec5a1b) Importer(815301076,1909f56bfc062723c751e8b465ee728b)
Number of updated assets reloaded before import = 0
Start importing Assets/Horror_Mansion/Models/Decals/Blood_Decals_04.fbx using Guid(1e693b2c786bd824c8d012777bec5a1b) Importer(815301076,1909f56bfc062723c751e8b465ee728b)  -> (artifact id: '4ece8b8dad109a0d7c5f621b98ca5588') in 0.022496 seconds 
Number of asset objects unloaded after import = 11
========================================================================
Received Import Request.
  Time since last request: 0.000011 seconds.
  path: Assets/Horror_Mansion/Models/Decals/Decals_20.fbx
  artifactKey: Guid(5a34b7f8f9cc2594eb3f3a682f252fb5) Importer(815301076,1909f56bfc062723c751e8b465ee728b)
Number of updated assets reloaded before import = 0
Start importing Assets/Horror_Mansion/Models/Decals/Decals_20.fbx using Guid(5a34b7f8f9cc2594eb3f3a682f252fb5) Importer(815301076,1909f56bfc062723c751e8b465ee728b)  -> (artifact id: 'd84308ea8d65d1c2ca1fc827d4ccf546') in 0.020747 seconds 
Number of asset objects unloaded after import = 10
========================================================================
Received Import Request.
  Time since last request: 0.000011 seconds.
  path: Assets/Horror_Mansion/Models/Decals/Decals_15.fbx
  artifactKey: Guid(f37a2d654106e684b8fc96f098305915) Importer(815301076,1909f56bfc062723c751e8b465ee728b)
Number of updated assets reloaded before import = 0
Start importing Assets/Horror_Mansion/Models/Decals/Decals_15.fbx using Guid(f37a2d654106e684b8fc96f098305915) Importer(815301076,1909f56bfc062723c751e8b465ee728b)  -> (artifact id: '6eaa774fcdf8b0fd8d078a7744b13314') in 0.018664 seconds 
Number of asset objects unloaded after import = 10
========================================================================
Received Import Request.
  Time since last request: 0.000014 seconds.
  path: Assets/Horror_Mansion/Models/Decals/Decals_21.fbx
  artifactKey: Guid(959627e6c11a26e43b5c0b38d7f8b3c5) Importer(815301076,1909f56bfc062723c751e8b465ee728b)
Number of updated assets reloaded before import = 0
Start importing Assets/Horror_Mansion/Models/Decals/Decals_21.fbx using Guid(959627e6c11a26e43b5c0b38d7f8b3c5) Importer(815301076,1909f56bfc062723c751e8b465ee728b)  -> (artifact id: '4f315a86008852842758bb4c7a5bfe9c') in 0.022801 seconds 
Number of asset objects unloaded after import = 10
========================================================================
Received Import Request.
  Time since last request: 0.000012 seconds.
  path: Assets/Horror_Mansion/Models/Decals/Decals_14.fbx
  artifactKey: Guid(fe0a310dbfb542a46bc1f007536ab2da) Importer(815301076,1909f56bfc062723c751e8b465ee728b)
Number of updated assets reloaded before import = 0
Start importing Assets/Horror_Mansion/Models/Decals/Decals_14.fbx using Guid(fe0a310dbfb542a46bc1f007536ab2da) Importer(815301076,1909f56bfc062723c751e8b465ee728b)  -> (artifact id: 'deb53179b31ea38e42e7bb31f4d0b4fd') in 0.020718 seconds 
Number of asset objects unloaded after import = 11
========================================================================
Received Import Request.
  Time since last request: 0.000011 seconds.
  path: Assets/Horror_Mansion/Models/Decals/Decals_13.fbx
  artifactKey: Guid(e5f10cb247340774295ba4d7007c38a2) Importer(815301076,1909f56bfc062723c751e8b465ee728b)
Number of updated assets reloaded before import = 0
Start importing Assets/Horror_Mansion/Models/Decals/Decals_13.fbx using Guid(e5f10cb247340774295ba4d7007c38a2) Importer(815301076,1909f56bfc062723c751e8b465ee728b)  -> (artifact id: 'abe8736eaf7eff94d60b6b6e73b08858') in 0.018979 seconds 
Number of asset objects unloaded after import = 11
========================================================================
Received Import Request.
  Time since last request: 0.000013 seconds.
  path: Assets/Horror_Mansion/Models/Decals/Blood_Decals_08.fbx
  artifactKey: Guid(16fa33adb69a80e468436be2b33d5a88) Importer(815301076,1909f56bfc062723c751e8b465ee728b)
Number of updated assets reloaded before import = 0
Start importing Assets/Horror_Mansion/Models/Decals/Blood_Decals_08.fbx using Guid(16fa33adb69a80e468436be2b33d5a88) Importer(815301076,1909f56bfc062723c751e8b465ee728b)  -> (artifact id: '6dc2a0d509f8ce2d3cc0abe3c07b1d2d') in 0.019169 seconds 
Number of asset objects unloaded after import = 11
========================================================================
Received Import Request.
  Time since last request: 0.000013 seconds.
  path: Assets/Horror_Mansion/Models/Decals/Decals_03.fbx
  artifactKey: Guid(3a84a49648d18cd4e9e6c75fd328909e) Importer(815301076,1909f56bfc062723c751e8b465ee728b)
Number of updated assets reloaded before import = 0
Start importing Assets/Horror_Mansion/Models/Decals/Decals_03.fbx using Guid(3a84a49648d18cd4e9e6c75fd328909e) Importer(815301076,1909f56bfc062723c751e8b465ee728b)  -> (artifact id: 'c5349a56f5e669b39d5925046c237c6d') in 0.018664 seconds 
Number of asset objects unloaded after import = 11
========================================================================
Received Import Request.
  Time since last request: 0.000016 seconds.
  path: Assets/Horror_Mansion/Models/Decals/Decals_17.fbx
  artifactKey: Guid(7311869377b1c5346ad237ccb77275e4) Importer(815301076,1909f56bfc062723c751e8b465ee728b)
Number of updated assets reloaded before import = 0
Start importing Assets/Horror_Mansion/Models/Decals/Decals_17.fbx using Guid(7311869377b1c5346ad237ccb77275e4) Importer(815301076,1909f56bfc062723c751e8b465ee728b)  -> (artifact id: 'f5108574be2cf597b4f1ac6d38822465') in 0.022169 seconds 
Number of asset objects unloaded after import = 10
========================================================================
Received Import Request.
  Time since last request: 0.000017 seconds.
  path: Assets/Horror_Mansion/Models/Decals/Blood_Decals_07.fbx
  artifactKey: Guid(3c189f5e9a0f960489299b81959c9631) Importer(815301076,1909f56bfc062723c751e8b465ee728b)
Number of updated assets reloaded before import = 0
Start importing Assets/Horror_Mansion/Models/Decals/Blood_Decals_07.fbx using Guid(3c189f5e9a0f960489299b81959c9631) Importer(815301076,1909f56bfc062723c751e8b465ee728b)  -> (artifact id: '83f2c51a6b712e03811acd0b6993972e') in 0.018862 seconds 
Number of asset objects unloaded after import = 11
========================================================================
Received Import Request.
  Time since last request: 0.000012 seconds.
  path: Assets/Horror_Mansion/Models/Decals/Decals_11.fbx
  artifactKey: Guid(e0aa3b1737689f746a3abcc6d9c3556a) Importer(815301076,1909f56bfc062723c751e8b465ee728b)
Number of updated assets reloaded before import = 0
Start importing Assets/Horror_Mansion/Models/Decals/Decals_11.fbx using Guid(e0aa3b1737689f746a3abcc6d9c3556a) Importer(815301076,1909f56bfc062723c751e8b465ee728b)  -> (artifact id: '25241f188bd828c9d5febc5a71068d8a') in 0.021228 seconds 
Number of asset objects unloaded after import = 11
========================================================================
Received Import Request.
  Time since last request: 14.489176 seconds.
  path: Assets/Horror_Mansion/Models/Environment/Carpet_03.fbx
  artifactKey: Guid(e79f08e1415d8d946a31c5f3db3948d8) Importer(815301076,1909f56bfc062723c751e8b465ee728b)
Number of updated assets reloaded before import = 0
Start importing Assets/Horror_Mansion/Models/Environment/Carpet_03.fbx using Guid(e79f08e1415d8d946a31c5f3db3948d8) Importer(815301076,1909f56bfc062723c751e8b465ee728b)  -> (artifact id: '2cceb76686b9d8f32ead2e91fde49dd8') in 0.145162 seconds 
Number of asset objects unloaded after import = 11
========================================================================
Received Import Request.
  Time since last request: 0.000013 seconds.
  path: Assets/Horror_Mansion/Models/Environment/Radiator_01.fbx
  artifactKey: Guid(562a0e388e0f37248bcaaed76b99bd7a) Importer(815301076,1909f56bfc062723c751e8b465ee728b)
Number of updated assets reloaded before import = 0
Start importing Assets/Horror_Mansion/Models/Environment/Radiator_01.fbx using Guid(562a0e388e0f37248bcaaed76b99bd7a) Importer(815301076,1909f56bfc062723c751e8b465ee728b)  -> (artifact id: 'f7c987cc8ac2ad60c4d3d1148cd396fa') in 0.033599 seconds 
Number of asset objects unloaded after import = 25
========================================================================
Received Import Request.
  Time since last request: 0.000014 seconds.
  path: Assets/Horror_Mansion/Models/Environment/Metal_Support_02.fbx
  artifactKey: Guid(439998a630364b34b92398231e3fe78c) Importer(815301076,1909f56bfc062723c751e8b465ee728b)
Number of updated assets reloaded before import = 0
Start importing Assets/Horror_Mansion/Models/Environment/Metal_Support_02.fbx using Guid(439998a630364b34b92398231e3fe78c) Importer(815301076,1909f56bfc062723c751e8b465ee728b)  -> (artifact id: 'f8984901b4d73565d4ae3daa78a5f292') in 0.029155 seconds 
Number of asset objects unloaded after import = 20
========================================================================
Received Import Request.
  Time since last request: 0.000020 seconds.
  path: Assets/Horror_Mansion/Models/Environment/Coffin_01.fbx
  artifactKey: Guid(be42aee6654dccb45a87d3e11a655063) Importer(815301076,1909f56bfc062723c751e8b465ee728b)
Number of updated assets reloaded before import = 0
Start importing Assets/Horror_Mansion/Models/Environment/Coffin_01.fbx using Guid(be42aee6654dccb45a87d3e11a655063) Importer(815301076,1909f56bfc062723c751e8b465ee728b)  -> (artifact id: '7eddbf0f28a11c47888a7ba9cf2e3718') in 0.031731 seconds 
Number of asset objects unloaded after import = 25
========================================================================
Received Import Request.
  Time since last request: 0.000017 seconds.
  path: Assets/Horror_Mansion/Models/Environment/Fence_Column_01.fbx
  artifactKey: Guid(90e9d898c528e1b42a504095342c43c5) Importer(815301076,1909f56bfc062723c751e8b465ee728b)
Number of updated assets reloaded before import = 0
Start importing Assets/Horror_Mansion/Models/Environment/Fence_Column_01.fbx using Guid(90e9d898c528e1b42a504095342c43c5) Importer(815301076,1909f56bfc062723c751e8b465ee728b)  -> (artifact id: 'e3bdee23330ea0794e478d427a564f7e') in 0.031755 seconds 
Number of asset objects unloaded after import = 20
========================================================================
Received Import Request.
  Time since last request: 0.000012 seconds.
  path: Assets/Horror_Mansion/Models/Environment/Table_Lamp.fbx
  artifactKey: Guid(dd00905a863ddc34680d8e48d8405e93) Importer(815301076,1909f56bfc062723c751e8b465ee728b)
Number of updated assets reloaded before import = 0
Start importing Assets/Horror_Mansion/Models/Environment/Table_Lamp.fbx using Guid(dd00905a863ddc34680d8e48d8405e93) Importer(815301076,1909f56bfc062723c751e8b465ee728b)  -> (artifact id: 'd8329f1a5dfa88e893d74cb1ff22b125') in 0.078622 seconds 
Number of asset objects unloaded after import = 26
========================================================================
Received Import Request.
  Time since last request: 0.000012 seconds.
  path: Assets/Horror_Mansion/Models/Environment/Tombstone_05.fbx
  artifactKey: Guid(30b800f8b245d9a4888e7448893a93e0) Importer(815301076,1909f56bfc062723c751e8b465ee728b)
Number of updated assets reloaded before import = 0
Start importing Assets/Horror_Mansion/Models/Environment/Tombstone_05.fbx using Guid(30b800f8b245d9a4888e7448893a93e0) Importer(815301076,1909f56bfc062723c751e8b465ee728b)  -> (artifact id: 'ed95b69c042f5cdc505e0c399edb288f') in 0.031534 seconds 
Number of asset objects unloaded after import = 20
========================================================================
Received Import Request.
  Time since last request: 0.000013 seconds.
  path: Assets/Horror_Mansion/Models/Environment/Lamp_01.fbx
  artifactKey: Guid(d1993c6e8e6b35742890f67d94ebdb42) Importer(815301076,1909f56bfc062723c751e8b465ee728b)
Number of updated assets reloaded before import = 0
Start importing Assets/Horror_Mansion/Models/Environment/Lamp_01.fbx using Guid(d1993c6e8e6b35742890f67d94ebdb42) Importer(815301076,1909f56bfc062723c751e8b465ee728b)  -> (artifact id: '6cdb62bf63a2083ecc32420962c945f3') in 0.033051 seconds 
Number of asset objects unloaded after import = 26
========================================================================
Received Import Request.
  Time since last request: 0.000019 seconds.
  path: Assets/Horror_Mansion/Models/Environment/Coal_Boiler_01.fbx
  artifactKey: Guid(2afa980e60d50cb4f950ef6a5a718997) Importer(815301076,1909f56bfc062723c751e8b465ee728b)
Number of updated assets reloaded before import = 0
Start importing Assets/Horror_Mansion/Models/Environment/Coal_Boiler_01.fbx using Guid(2afa980e60d50cb4f950ef6a5a718997) Importer(815301076,1909f56bfc062723c751e8b465ee728b)  -> (artifact id: 'a02a4236a8d62f269d657a9c1e095b80') in 0.035045 seconds 
Number of asset objects unloaded after import = 25
========================================================================
Received Import Request.
  Time since last request: 0.000020 seconds.
  path: Assets/Horror_Mansion/Models/Environment/Curtain_Rod_02.fbx
  artifactKey: Guid(a5afd192398404f4191b4ae6b52bdd8e) Importer(815301076,1909f56bfc062723c751e8b465ee728b)
Number of updated assets reloaded before import = 0
Start importing Assets/Horror_Mansion/Models/Environment/Curtain_Rod_02.fbx using Guid(a5afd192398404f4191b4ae6b52bdd8e) Importer(815301076,1909f56bfc062723c751e8b465ee728b)  -> (artifact id: '0609d2aeb6910418c9926b519871da7c') in 0.030426 seconds 
Number of asset objects unloaded after import = 25
========================================================================
Received Import Request.
  Time since last request: 0.000019 seconds.
  path: Assets/Horror_Mansion/Models/Environment/Radiator_Broken.fbx
  artifactKey: Guid(3f4f747a84905f3448d1d13742df93e8) Importer(815301076,1909f56bfc062723c751e8b465ee728b)
Number of updated assets reloaded before import = 0
Start importing Assets/Horror_Mansion/Models/Environment/Radiator_Broken.fbx using Guid(3f4f747a84905f3448d1d13742df93e8) Importer(815301076,1909f56bfc062723c751e8b465ee728b)  -> (artifact id: '7d306d1c102e97220dcaf67d7c405683') in 0.031622 seconds 
Number of asset objects unloaded after import = 25
Editor requested this worker to shutdown with reason: Scaling down because of idle timeout
AssetImportWorker is now disconnected from the server
Process exiting
Exiting without the bug reporter. Application will terminate with return code 0