Using pre-set license
Built from '2021.3/staging' branch; Version is '2021.3.39f1 (fb3b7b32f191) revision 16464763'; Using compiler version '192829333'; Build Type 'Release'
OS: 'Windows 11  (10.0.26100) 64bit Professional' Language: 'en' Physical Memory: 32603 MB
BatchMode: 1, IsHumanControllingUs: 0, StartBugReporterOnCrash: 0, Is64bit: 1, IsPro: 1

COMMAND LINE ARGUMENTS:
C:\Program Files\Unity\Hub\Editor\2021.3.39f1\Editor\Unity.exe
-adb2
-batchMode
-noUpm
-name
AssetImportWorker0
-projectPath
C:/Users/mayar/Documents/GitHub/Blackwoods-Curse/BlackwoodsCurse
-logFile
Logs/AssetImportWorker0.log
-srvPort
61619
Successfully changed project path to: C:/Users/mayar/Documents/GitHub/Blackwoods-Curse/BlackwoodsCurse
C:/Users/mayar/Documents/GitHub/Blackwoods-Curse/BlackwoodsCurse
[UnityMemory] Configuration Parameters - Can be set up in boot.config
    "memorysetup-bucket-allocator-granularity=16"
    "memorysetup-bucket-allocator-bucket-count=8"
    "memorysetup-bucket-allocator-block-size=33554432"
    "memorysetup-bucket-allocator-block-count=8"
    "memorysetup-main-allocator-block-size=16777216"
    "memorysetup-thread-allocator-block-size=16777216"
    "memorysetup-gfx-main-allocator-block-size=16777216"
    "memorysetup-gfx-thread-allocator-block-size=16777216"
    "memorysetup-cache-allocator-block-size=4194304"
    "memorysetup-typetree-allocator-block-size=2097152"
    "memorysetup-profiler-bucket-allocator-granularity=16"
    "memorysetup-profiler-bucket-allocator-bucket-count=8"
    "memorysetup-profiler-bucket-allocator-block-size=33554432"
    "memorysetup-profiler-bucket-allocator-block-count=8"
    "memorysetup-profiler-allocator-block-size=16777216"
    "memorysetup-profiler-editor-allocator-block-size=1048576"
    "memorysetup-temp-allocator-size-main=16777216"
    "memorysetup-job-temp-allocator-block-size=2097152"
    "memorysetup-job-temp-allocator-block-size-background=1048576"
    "memorysetup-job-temp-allocator-reduction-small-platforms=262144"
    "memorysetup-temp-allocator-size-background-worker=32768"
    "memorysetup-temp-allocator-size-job-worker=262144"
    "memorysetup-temp-allocator-size-preload-manager=33554432"
    "memorysetup-temp-allocator-size-nav-mesh-worker=65536"
    "memorysetup-temp-allocator-size-audio-worker=65536"
    "memorysetup-temp-allocator-size-cloud-worker=32768"
    "memorysetup-temp-allocator-size-gi-baking-worker=262144"
    "memorysetup-temp-allocator-size-gfx=262144"
Player connection [21272] Host "[IP] 192.168.52.1 [Port] 0 [Flags] 2 [Guid] 4152469434 [EditorId] 4152469434 [Version] 1048832 [Id] WindowsEditor(7,MAYAR-DESKTOP) [Debug] 1 [PackageName] WindowsEditor [ProjectName] Editor" joined multi-casting on [225.0.0.222:54997]...

Player connection [21272] Host "[IP] 192.168.52.1 [Port] 0 [Flags] 2 [Guid] 4152469434 [EditorId] 4152469434 [Version] 1048832 [Id] WindowsEditor(7,MAYAR-DESKTOP) [Debug] 1 [PackageName] WindowsEditor [ProjectName] Editor" joined alternative multi-casting on [225.0.0.222:34997]...

[Physics::Module] Initialized MultithreadedJobDispatcher with {0} workers.
Refreshing native plugins compatible for Editor in 35.98 ms, found 3 plugins.
Preloading 0 native plugins for Editor in 0.00 ms.
Initialize engine version: 2021.3.39f1 (fb3b7b32f191)
[Subsystems] Discovering subsystems at path C:/Program Files/Unity/Hub/Editor/2021.3.39f1/Editor/Data/Resources/UnitySubsystems
[Subsystems] Discovering subsystems at path C:/Users/mayar/Documents/GitHub/Blackwoods-Curse/BlackwoodsCurse/Assets
GfxDevice: creating device client; threaded=0; jobified=0
Direct3D:
    Version:  Direct3D 11.0 [level 11.1]
    Renderer: NVIDIA GeForce RTX 3060 (ID=0x2504)
    Vendor:   NVIDIA
    VRAM:     12115 MB
    Driver:   32.0.15.6094
Initialize mono
Mono path[0] = 'C:/Program Files/Unity/Hub/Editor/2021.3.39f1/Editor/Data/Managed'
Mono path[1] = 'C:/Program Files/Unity/Hub/Editor/2021.3.39f1/Editor/Data/MonoBleedingEdge/lib/mono/unityjit-win32'
Mono config path = 'C:/Program Files/Unity/Hub/Editor/2021.3.39f1/Editor/Data/MonoBleedingEdge/etc'
Using monoOptions --debugger-agent=transport=dt_socket,embedding=1,server=y,suspend=n,address=127.0.0.1:56508
Begin MonoManager ReloadAssembly
Registering precompiled unity dll's ...
Register platform support module: C:/Program Files/Unity/Hub/Editor/2021.3.39f1/Editor/Data/PlaybackEngines/WindowsStandaloneSupport/UnityEditor.WindowsStandalone.Extensions.dll
Registered in 0.002191 seconds.
Native extension for WindowsStandalone target not found
Refreshing native plugins compatible for Editor in 36.69 ms, found 3 plugins.
Preloading 0 native plugins for Editor in 0.00 ms.
Mono: successfully reloaded assembly
- Completed reload, in  0.316 seconds
Domain Reload Profiling:
	ReloadAssembly (316ms)
		BeginReloadAssembly (50ms)
			ExecutionOrderSort (0ms)
			DisableScriptedObjects (0ms)
			BackupInstance (0ms)
			ReleaseScriptingObjects (0ms)
			CreateAndSetChildDomain (0ms)
		EndReloadAssembly (219ms)
			LoadAssemblies (49ms)
			RebuildTransferFunctionScriptingTraits (0ms)
			SetupTypeCache (53ms)
			ReleaseScriptCaches (0ms)
			RebuildScriptCaches (14ms)
			SetupLoadedEditorAssemblies (130ms)
				LogAssemblyErrors (0ms)
				InitializePlatformSupportModulesInManaged (4ms)
				SetLoadedEditorAssemblies (0ms)
				RefreshPlugins (37ms)
				BeforeProcessingInitializeOnLoad (1ms)
				ProcessInitializeOnLoadAttributes (65ms)
				ProcessInitializeOnLoadMethodAttributes (23ms)
				AfterProcessingInitializeOnLoad (0ms)
				EditorAssembliesLoaded (0ms)
			ExecutionOrderSort2 (0ms)
			AwakeInstancesAfterBackupRestoration (0ms)
Platform modules already initialized, skipping
Registering precompiled user dll's ...
Registered in 0.002599 seconds.
Begin MonoManager ReloadAssembly
Native extension for WindowsStandalone target not found
Refreshing native plugins compatible for Editor in 0.36 ms, found 3 plugins.
Preloading 0 native plugins for Editor in 0.00 ms.
Package Manager log level set to [2]
[Package Manager] Server::EnsureServerProcessIsRunning -- launch failed, reason: Unity was launched with the -noUpm command-line argument
[Package Manager] Cannot connect to Unity Package Manager local server
Mono: successfully reloaded assembly
- Completed reload, in  0.850 seconds
Domain Reload Profiling:
	ReloadAssembly (851ms)
		BeginReloadAssembly (65ms)
			ExecutionOrderSort (0ms)
			DisableScriptedObjects (3ms)
			BackupInstance (0ms)
			ReleaseScriptingObjects (0ms)
			CreateAndSetChildDomain (9ms)
		EndReloadAssembly (731ms)
			LoadAssemblies (50ms)
			RebuildTransferFunctionScriptingTraits (0ms)
			SetupTypeCache (130ms)
			ReleaseScriptCaches (0ms)
			RebuildScriptCaches (24ms)
			SetupLoadedEditorAssemblies (522ms)
				LogAssemblyErrors (0ms)
				InitializePlatformSupportModulesInManaged (3ms)
				SetLoadedEditorAssemblies (0ms)
				RefreshPlugins (0ms)
				BeforeProcessingInitializeOnLoad (35ms)
				ProcessInitializeOnLoadAttributes (469ms)
				ProcessInitializeOnLoadMethodAttributes (11ms)
				AfterProcessingInitializeOnLoad (3ms)
				EditorAssembliesLoaded (0ms)
			ExecutionOrderSort2 (0ms)
			AwakeInstancesAfterBackupRestoration (5ms)
Platform modules already initialized, skipping
========================================================================
Worker process is ready to serve import requests
Launched and connected shader compiler UnityShaderCompiler.exe after 0.03 seconds
Refreshing native plugins compatible for Editor in 0.32 ms, found 3 plugins.
Preloading 0 native plugins for Editor in 0.00 ms.
Unloading 3085 Unused Serialized files (Serialized files now loaded: 0)
Unloading 24 unused Assets / (46.5 KB). Loaded Objects now: 3548.
Memory consumption went from 108.6 MB to 108.6 MB.
Total: 1.573500 ms (FindLiveObjects: 0.131000 ms CreateObjectMapping: 0.035500 ms MarkObjects: 1.372500 ms  DeleteObjects: 0.034100 ms)

AssetImportParameters requested are different than current active one (requested -> active):
  custom:video-decoder-ogg-theora: a1e56fd34408186e4bbccfd4996cb3dc -> 
  custom:container-muxer-webm: aa71ff27fc2769a1b78a27578f13a17b -> 
  custom:container-demuxer-webm: 4f35f7cbe854078d1ac9338744f61a02 -> 
  custom:video-encoder-webm-vp8: eb34c28f22e8b96e1ab97ce403110664 -> 
  custom:video-codec-MediaFoundation-h265: 746d11721c4dcdbdad8f713fa42b33f4 -> 
  custom:CustomObjectIndexerAttribute: bc11b3a6c3213fcdd17b65e7da85e133 -> 
  custom:audio-encoder-webm-vorbis: bf7c407c2cedff20999df2af8eb42d56 -> 
  custom:framework-win-MediaFoundation: 216162199b28c13a410421893ffa2e32 -> 
  custom:SearchIndexIgnoredProperties: e643bd26f0fe6173181afceb89e7c659 -> 
  custom:container-demuxer-ogg: 62fdf1f143b41e24485cea50d1cbac27 -> 
  custom:video-decoder-webm-vp8: 9c59270c3fd7afecdb556c50c9e8de78 -> 
  custom:audio-decoder-ogg-vorbis: bf7c407c2cedff20999df2af8eb42d56 -> 
========================================================================
Received Import Request.
  Time since last request: 525583.814908 seconds.
  path: Assets/Horror_Mansion/URP_Horror_Mansion.unitypackage
  artifactKey: Guid(32cbe133c6cb6d44ebd6dd1e07f238c3) Importer(815301076,1909f56bfc062723c751e8b465ee728b)
Number of updated assets reloaded before import = 0
Start importing Assets/Horror_Mansion/URP_Horror_Mansion.unitypackage using Guid(32cbe133c6cb6d44ebd6dd1e07f238c3) Importer(815301076,1909f56bfc062723c751e8b465ee728b)  -> (artifact id: '25c77c5d9b73ce77d18d1e58c8dcf9ca') in 0.034840 seconds 
Number of asset objects unloaded after import = 1
========================================================================
Received Import Request.
  Time since last request: 1.497007 seconds.
  path: Assets/Horror_Mansion/HDRP_Horror_Mansion.unitypackage
  artifactKey: Guid(31c1ffd8b8e9ca14b96500870b5d16f8) Importer(815301076,1909f56bfc062723c751e8b465ee728b)
Number of updated assets reloaded before import = 0
Start importing Assets/Horror_Mansion/HDRP_Horror_Mansion.unitypackage using Guid(31c1ffd8b8e9ca14b96500870b5d16f8) Importer(815301076,1909f56bfc062723c751e8b465ee728b)  -> (artifact id: '2a98c2229d52e5a809cfbaa6b59a31ea') in 0.014801 seconds 
Number of asset objects unloaded after import = 1
========================================================================
Received Import Request.
  Time since last request: 1.385184 seconds.
  path: Assets/Horror_Mansion/Animation
  artifactKey: Guid(120eadef36223e445acc80dfcb106fcd) Importer(815301076,1909f56bfc062723c751e8b465ee728b)
Number of updated assets reloaded before import = 0
Start importing Assets/Horror_Mansion/Animation using Guid(120eadef36223e445acc80dfcb106fcd) Importer(815301076,1909f56bfc062723c751e8b465ee728b)  -> (artifact id: 'ab8f4c7188be7d7a7c30d0d73477be5d') in 0.011440 seconds 
Number of asset objects unloaded after import = 0
========================================================================
Received Import Request.
  Time since last request: 1.160405 seconds.
  path: Assets/Horror_Mansion/Animation/Camera_01.anim
  artifactKey: Guid(c54ac4427b268074591a8a124a6f7a5e) Importer(815301076,1909f56bfc062723c751e8b465ee728b)
Number of updated assets reloaded before import = 0
Start importing Assets/Horror_Mansion/Animation/Camera_01.anim using Guid(c54ac4427b268074591a8a124a6f7a5e) Importer(815301076,1909f56bfc062723c751e8b465ee728b)  -> (artifact id: '07352e813f004a9acedd4158fc4e2410') in 0.016817 seconds 
Number of asset objects unloaded after import = 1
========================================================================
Received Import Request.
  Time since last request: 3.610670 seconds.
  path: Assets/Horror_Mansion/Animation/Camera_02.anim
  artifactKey: Guid(8bff5949ac870cc428010f87ec92b3a1) Importer(815301076,1909f56bfc062723c751e8b465ee728b)
Number of updated assets reloaded before import = 0
Start importing Assets/Horror_Mansion/Animation/Camera_02.anim using Guid(8bff5949ac870cc428010f87ec92b3a1) Importer(815301076,1909f56bfc062723c751e8b465ee728b)  -> (artifact id: '40e373e50f06b00db3f90a3c90df89cb') in 0.010759 seconds 
Number of asset objects unloaded after import = 1
========================================================================
Received Import Request.
  Time since last request: 1.822355 seconds.
  path: Assets/Horror_Mansion/Animation/Camera_03.anim
  artifactKey: Guid(9623e5fca2f267140b778f2f467e0109) Importer(815301076,1909f56bfc062723c751e8b465ee728b)
Number of updated assets reloaded before import = 0
Start importing Assets/Horror_Mansion/Animation/Camera_03.anim using Guid(9623e5fca2f267140b778f2f467e0109) Importer(815301076,1909f56bfc062723c751e8b465ee728b)  -> (artifact id: 'e0f5321b4a2498a0e54902603f0c77e5') in 0.011318 seconds 
Number of asset objects unloaded after import = 1
========================================================================
Received Import Request.
  Time since last request: 0.567789 seconds.
  path: Assets/Horror_Mansion/Animation/Camera_04.anim
  artifactKey: Guid(96f367bb04c9dfa47b7dedd36f8f71ce) Importer(815301076,1909f56bfc062723c751e8b465ee728b)
Number of updated assets reloaded before import = 0
Start importing Assets/Horror_Mansion/Animation/Camera_04.anim using Guid(96f367bb04c9dfa47b7dedd36f8f71ce) Importer(815301076,1909f56bfc062723c751e8b465ee728b)  -> (artifact id: '54bf5cb0e2464b4dfb9fd8a9a8172f15') in 0.008841 seconds 
Number of asset objects unloaded after import = 1
========================================================================
Received Import Request.
  Time since last request: 4.238244 seconds.
  path: Assets/Horror_Mansion/Materials
  artifactKey: Guid(077a90de41407304d8b9c044912c9aa1) Importer(815301076,1909f56bfc062723c751e8b465ee728b)
Number of updated assets reloaded before import = 0
Start importing Assets/Horror_Mansion/Materials using Guid(077a90de41407304d8b9c044912c9aa1) Importer(815301076,1909f56bfc062723c751e8b465ee728b)  -> (artifact id: 'e502179fb9cbe825e72eafd8797060ad') in 0.009134 seconds 
Number of asset objects unloaded after import = 0
========================================================================
Received Import Request.
  Time since last request: 0.254835 seconds.
  path: Assets/Horror_Mansion/Materials/Base.mat
  artifactKey: Guid(cf1b0d224213b67458f11a4463183eb7) Importer(815301076,1909f56bfc062723c751e8b465ee728b)
Number of updated assets reloaded before import = 0
Start importing Assets/Horror_Mansion/Materials/Base.mat using Guid(cf1b0d224213b67458f11a4463183eb7) Importer(815301076,1909f56bfc062723c751e8b465ee728b)  -> (artifact id: '2352b4f7827c4fe7f47e2fd582b89962') in 0.148497 seconds 
Number of asset objects unloaded after import = 1
========================================================================
Received Import Request.
  Time since last request: 1.010891 seconds.
  path: Assets/Horror_Mansion/Materials/Decals
  artifactKey: Guid(bae06d105ab7277428a157e13694517a) Importer(815301076,1909f56bfc062723c751e8b465ee728b)
Number of updated assets reloaded before import = 0
Start importing Assets/Horror_Mansion/Materials/Decals using Guid(bae06d105ab7277428a157e13694517a) Importer(815301076,1909f56bfc062723c751e8b465ee728b)  -> (artifact id: 'a09316a9941f10d985342e2401468dea') in 0.011563 seconds 
Number of asset objects unloaded after import = 0
========================================================================
Received Import Request.
  Time since last request: 0.092697 seconds.
  path: Assets/Horror_Mansion/Materials/Decals/Blood_Decals.mat
  artifactKey: Guid(7eaeb85956afab643bd95b3d5efe1715) Importer(815301076,1909f56bfc062723c751e8b465ee728b)
Number of updated assets reloaded before import = 0
Start importing Assets/Horror_Mansion/Materials/Decals/Blood_Decals.mat using Guid(7eaeb85956afab643bd95b3d5efe1715) Importer(815301076,1909f56bfc062723c751e8b465ee728b)  -> (artifact id: '16675d6fcdb6adbfbd1f9ce83ae06e97') in 0.136050 seconds 
Number of asset objects unloaded after import = 4
========================================================================
Received Import Request.
  Time since last request: 0.000012 seconds.
  path: Assets/Horror_Mansion/Materials/Decals/Decals_02(Fade).mat
  artifactKey: Guid(11f570762c346744bafb24cf73009068) Importer(815301076,1909f56bfc062723c751e8b465ee728b)
Number of updated assets reloaded before import = 0
Start importing Assets/Horror_Mansion/Materials/Decals/Decals_02(Fade).mat using Guid(11f570762c346744bafb24cf73009068) Importer(815301076,1909f56bfc062723c751e8b465ee728b)  -> (artifact id: '5d2242b20fac40e26252b7909e029c4d') in 0.070676 seconds 
Number of asset objects unloaded after import = 3
========================================================================
Received Import Request.
  Time since last request: 0.000019 seconds.
  path: Assets/Horror_Mansion/Materials/Decals/Decals_02.mat
  artifactKey: Guid(eb62358e30d33ad44b5034ed6431ed47) Importer(815301076,1909f56bfc062723c751e8b465ee728b)
Number of updated assets reloaded before import = 0
Start importing Assets/Horror_Mansion/Materials/Decals/Decals_02.mat using Guid(eb62358e30d33ad44b5034ed6431ed47) Importer(815301076,1909f56bfc062723c751e8b465ee728b)  -> (artifact id: '3160de14d084466d935b4a1f4e631c90') in 0.017351 seconds 
Number of asset objects unloaded after import = 4
========================================================================
Received Import Request.
  Time since last request: 2.732056 seconds.
  path: Assets/Horror_Mansion/Other/Demo_Profile.asset
  artifactKey: Guid(19193ba81ff75e348b5f62cf6a0e9421) Importer(815301076,1909f56bfc062723c751e8b465ee728b)
Number of updated assets reloaded before import = 0
Start importing Assets/Horror_Mansion/Other/Demo_Profile.asset using Guid(19193ba81ff75e348b5f62cf6a0e9421) Importer(815301076,1909f56bfc062723c751e8b465ee728b)  -> (artifact id: '804a4cd915a54b144c0b65e1611339e2') in 0.013001 seconds 
Number of asset objects unloaded after import = 1
========================================================================
Received Import Request.
  Time since last request: 0.002533 seconds.
  path: Assets/Horror_Mansion/Other/Layer_Pebbles.terrainlayer
  artifactKey: Guid(e6d07055b48430c4e81f73a5454992e4) Importer(815301076,1909f56bfc062723c751e8b465ee728b)
Number of updated assets reloaded before import = 0
Start importing Assets/Horror_Mansion/Other/Layer_Pebbles.terrainlayer using Guid(e6d07055b48430c4e81f73a5454992e4) Importer(815301076,1909f56bfc062723c751e8b465ee728b)  -> (artifact id: '68a8839327a93e3063cd1124185f4907') in 0.023363 seconds 
Number of asset objects unloaded after import = 5
========================================================================
Received Import Request.
  Time since last request: 0.000014 seconds.
  path: Assets/Horror_Mansion/Other/LODGroup.preset
  artifactKey: Guid(1752f2b8361628748adfd52395df820c) Importer(815301076,1909f56bfc062723c751e8b465ee728b)
Number of updated assets reloaded before import = 0
Start importing Assets/Horror_Mansion/Other/LODGroup.preset using Guid(1752f2b8361628748adfd52395df820c) Importer(815301076,1909f56bfc062723c751e8b465ee728b)  -> (artifact id: '18fc184ba0cd666adf5e0018d32dda8e') in 0.008080 seconds 
Number of asset objects unloaded after import = 1
========================================================================
Received Import Request.
  Time since last request: 0.000011 seconds.
  path: Assets/Horror_Mansion/Other/Layer_Grass_01.terrainlayer
  artifactKey: Guid(690ea50bdbbda92469553ca817dbcff2) Importer(815301076,1909f56bfc062723c751e8b465ee728b)
Number of updated assets reloaded before import = 0
Start importing Assets/Horror_Mansion/Other/Layer_Grass_01.terrainlayer using Guid(690ea50bdbbda92469553ca817dbcff2) Importer(815301076,1909f56bfc062723c751e8b465ee728b)  -> (artifact id: 'fa92ee2102f7b4579a484c7e22c82114') in 0.017386 seconds 
Number of asset objects unloaded after import = 5
Editor requested this worker to shutdown with reason: Scaling down because of idle timeout
AssetImportWorker is now disconnected from the server
Process exiting
Exiting without the bug reporter. Application will terminate with return code 0